<?xml version="1.0" encoding="UTF-8"?>
<!-- Generated by org.testng.reporters.JUnitReportReporter -->
<testsuite hostname="DESKTOP-3QCSFSN" failures="0" tests="1" name="testcases.Addcustomer" time="0.102" errors="0" timestamp="2024-03-18T19:38:31 IST" skipped="0">
  <testcase classname="testcases.Addcustomer" name="addcustomer" time="0.102"/>
</testsuite> <!-- testcases.Addcustomer -->
