<?xml version="1.0" encoding="UTF-8"?>
<!-- Generated by org.testng.reporters.JUnitReportReporter -->
<testsuite hostname="DESKTOP-3QCSFSN" failures="0" tests="1" name="testcases.GetAllTheCustomers_requestes" time="0.521" errors="0" timestamp="2024-03-18T19:38:31 IST" skipped="0">
  <testcase classname="testcases.GetAllTheCustomers_requestes" name="getallthecustomers" time="0.521"/>
</testsuite> <!-- testcases.GetAllTheCustomers_requestes -->
