<?xml version="1.0" encoding="UTF-8"?>
<!-- Generated by org.testng.reporters.JUnitReportReporter -->
<testsuite hostname="DESKTOP-3QCSFSN" failures="0" tests="14" name="Dataparameterisation.Addcustomer" time="5.013" errors="0" timestamp="2024-03-18T19:07:03 IST" skipped="0">
  <testcase classname="Dataparameterisation.Addcustomer" name="addcustomer" time="4.219"/>
  <testcase classname="Dataparameterisation.Addcustomer" name="addcustomer" time="0.027"/>
  <testcase classname="Dataparameterisation.Addcustomer" name="addcustomer" time="0.046"/>
  <testcase classname="Dataparameterisation.Addcustomer" name="addcustomer" time="0.048"/>
  <testcase classname="Dataparameterisation.Addcustomer" name="addcustomer" time="0.043"/>
  <testcase classname="Dataparameterisation.Addcustomer" name="addcustomer" time="0.025"/>
  <testcase classname="Dataparameterisation.Addcustomer" name="addcustomer" time="0.043"/>
  <testcase classname="Dataparameterisation.Addcustomer" name="addcustomer" time="0.077"/>
  <testcase classname="Dataparameterisation.Addcustomer" name="addcustomer" time="0.042"/>
  <testcase classname="Dataparameterisation.Addcustomer" name="addcustomer" time="0.046"/>
  <testcase classname="Dataparameterisation.Addcustomer" name="addcustomer" time="0.059"/>
  <testcase classname="Dataparameterisation.Addcustomer" name="addcustomer" time="0.152"/>
  <testcase classname="Dataparameterisation.Addcustomer" name="addcustomer" time="0.120"/>
  <testcase classname="Dataparameterisation.Addcustomer" name="addcustomer" time="0.066"/>
</testsuite> <!-- Dataparameterisation.Addcustomer -->
