<?xml version="1.0" encoding="UTF-8"?>
<!-- Generated by org.testng.reporters.JUnitReportReporter -->
<testsuite hostname="DESKTOP-3QCSFSN" failures="0" tests="1" name="testcases.deletecustomer" time="0.051" errors="0" timestamp="2024-03-18T19:38:31 IST" skipped="0">
  <testcase classname="testcases.deletecustomer" name="deletethecustomers" time="0.051"/>
</testsuite> <!-- testcases.deletecustomer -->
