<?xml version="1.0" encoding="UTF-8"?>
<!-- Generated by org.testng.reporters.JUnitReportReporter -->
<testsuite hostname="DESKTOP-3QCSFSN" failures="0" tests="13" name="DataParamterisation.Addcustomer" time="1.359" errors="0" timestamp="2024-03-02T00:30:07 IST" skipped="0">
  <testcase classname="DataParamterisation.Addcustomer" name="addcustomer" time="0.023"/>
  <testcase classname="DataParamterisation.Addcustomer" name="addcustomer" time="0.016"/>
  <testcase classname="DataParamterisation.Addcustomer" name="addcustomer" time="0.021"/>
  <testcase classname="DataParamterisation.Addcustomer" name="addcustomer" time="0.015"/>
  <testcase classname="DataParamterisation.Addcustomer" name="addcustomer" time="0.013"/>
  <testcase classname="DataParamterisation.Addcustomer" name="addcustomer" time="0.011"/>
  <testcase classname="DataParamterisation.Addcustomer" name="addcustomer" time="0.014"/>
  <testcase classname="DataParamterisation.Addcustomer" name="addcustomer" time="1.171"/>
  <testcase classname="DataParamterisation.Addcustomer" name="addcustomer" time="0.010"/>
  <testcase classname="DataParamterisation.Addcustomer" name="addcustomer" time="0.021"/>
  <testcase classname="DataParamterisation.Addcustomer" name="addcustomer" time="0.016"/>
  <testcase classname="DataParamterisation.Addcustomer" name="addcustomer" time="0.013"/>
  <testcase classname="DataParamterisation.Addcustomer" name="addcustomer" time="0.015"/>
</testsuite> <!-- DataParamterisation.Addcustomer -->
