<?xml version="1.0" encoding="UTF-8"?>
<!-- Generated by org.testng.reporters.JUnitReportReporter -->
<testsuite hostname="DESKTOP-3QCSFSN" failures="0" tests="1" name="testcases.updatecustomer" time="2.666" errors="0" timestamp="2024-02-15T20:08:20 IST" skipped="0">
  <testcase classname="testcases.updatecustomer" name="updatecustomer" time="2.666"/>
</testsuite> <!-- testcases.updatecustomer -->
